|------HORA---------------|----------DETALLE-----
[2023-08-16 17:51:13] Array
|------HORA---------------|----------DETALLE-----
[2023-08-16 18:01:55] {"tipo_pedido":"1","tipo_entrega":"0","dividir_cuenta":"1","id_pedido":"4063","cliente_id":"1","tipo_doc":"1","tipo_pago":"1","pago_efe":"75.00","pago_tar":"0.00","descuento_tipo":"2","descuento_personal":"","descuento_monto":"0.00","descuento_motivo":"","comision_tarjeta":"0.00","comision_delivery":"0.00","codigo_operacion":"","total":"75.00","idProd":["3","22","96"],"cantProd":["1","1","1"],"precProd":["25.00","28.00","22.00"]}
|------HORA---------------|----------DETALLE-----
[2023-08-16 18:03:22] ["22","51","55"]
|------HORA---------------|----------DETALLE-----
[2023-08-16 18:04:28] 4
|------HORA---------------|----------DETALLE-----
[2023-08-16 23:01:40] 3
|------HORA---------------|----------DETALLE-----
[2023-08-16 23:03:00] 3
|------HORA---------------|----------DETALLE-----
[2023-08-16 23:44:52] 3
|------HORA---------------|----------DETALLE-----
[2023-08-16 23:59:01] 3
|------HORA---------------|----------DETALLE-----
[2023-08-17 00:11:04] 3
|------HORA---------------|----------DETALLE-----
[2023-08-17 19:51:56] 2
|------HORA---------------|----------DETALLE-----
[2023-08-17 19:54:09] 2
|------HORA---------------|----------DETALLE-----
[2023-08-17 19:54:26] 1
|------HORA---------------|----------DETALLE-----
[2023-08-17 22:09:22] 2
|------HORA---------------|----------DETALLE-----
[2023-08-17 23:48:14] 2
|------HORA---------------|----------DETALLE-----
[2023-08-17 23:50:27] 2
|------HORA---------------|----------DETALLE-----
[2023-08-17 23:56:19] 2
|------HORA---------------|----------DETALLE-----
[2023-08-17 23:56:30] 2
|------HORA---------------|----------DETALLE-----
[2023-08-18 00:09:39] 3
|------HORA---------------|----------DETALLE-----
[2023-08-18 00:17:29] 3
|------HORA---------------|----------DETALLE-----
[2023-08-18 19:37:29] 3
|------HORA---------------|----------DETALLE-----
[2023-08-18 20:04:05] 3
|------HORA---------------|----------DETALLE-----
[2023-08-18 20:24:02] ["51","52","56"]
|------HORA---------------|----------DETALLE-----
[2023-08-18 20:24:51] {"tipo_pedido":"1","tipo_entrega":"0","dividir_cuenta":"1","id_pedido":"4079","cliente_id":"1","tipo_doc":"1","tipo_pago":"1","pago_efe":"49.00","pago_tar":"0.00","descuento_tipo":"2","descuento_personal":"","descuento_monto":"0.00","descuento_motivo":"","comision_tarjeta":"0.00","comision_delivery":"0.00","codigo_operacion":"","total":"49.00","idProd":["15","22","55"],"cantProd":["1","1","1"],"precProd":["16.00","28.00","5.00"]}
|------HORA---------------|----------DETALLE-----
[2023-08-18 20:29:14] {"tipo_pedido":"1","tipo_entrega":"0","dividir_cuenta":"1","id_pedido":"4080","cliente_id":"1","tipo_doc":"1","tipo_pago":"1","pago_efe":"21.00","pago_tar":"0.00","descuento_tipo":"2","descuento_personal":"","descuento_monto":"0.00","descuento_motivo":"","comision_tarjeta":"0.00","comision_delivery":"0.00","codigo_operacion":"","total":"21.00","idProd":["51","52","56"],"cantProd":["1","1","1"],"precProd":["8.00","10.00","3.00"]}
|------HORA---------------|----------DETALLE-----
[2023-08-18 20:30:26] {"tipo_pedido":"1","tipo_entrega":"0","dividir_cuenta":"1","id_pedido":"4081","cliente_id":"1","tipo_doc":"1","tipo_pago":"1","pago_efe":"49.00","pago_tar":"0.00","descuento_tipo":"2","descuento_personal":"","descuento_monto":"0.00","descuento_motivo":"","comision_tarjeta":"0.00","comision_delivery":"0.00","codigo_operacion":"","total":"49.00","idProd":["15","22","55"],"cantProd":["1","1","1"],"precProd":["16.00","28.00","5.00"]}
|------HORA---------------|----------DETALLE-----
[2023-08-18 20:32:01] {"tipo_pedido":"1","tipo_entrega":"0","dividir_cuenta":"1","id_pedido":"4082","cliente_id":"1","tipo_doc":"1","tipo_pago":"1","pago_efe":"49.00","pago_tar":"0.00","descuento_tipo":"2","descuento_personal":"","descuento_monto":"0.00","descuento_motivo":"","comision_tarjeta":"0.00","comision_delivery":"0.00","codigo_operacion":"","total":"49.00","idProd":["15","22","55"],"cantProd":["1","1","1"],"precProd":["16.00","28.00","5.00"]}
|------HORA---------------|----------DETALLE-----
[2023-08-18 20:32:38] {"tipo_pedido":"1","tipo_entrega":"0","dividir_cuenta":"1","id_pedido":"4083","cliente_id":"1","tipo_doc":"1","tipo_pago":"1","pago_efe":"75.00","pago_tar":"0.00","descuento_tipo":"2","descuento_personal":"","descuento_monto":"0.00","descuento_motivo":"","comision_tarjeta":"0.00","comision_delivery":"0.00","codigo_operacion":"","total":"75.00","idProd":["1","55","93"],"cantProd":["1","1","1"],"precProd":["45.00","5.00","25.00"]}
|------HORA---------------|----------DETALLE-----
[2023-08-18 20:33:08] {"tipo_pedido":"1","tipo_entrega":"0","dividir_cuenta":"1","id_pedido":"4084","cliente_id":"1","tipo_doc":"1","tipo_pago":"1","pago_efe":"58.00","pago_tar":"0.00","descuento_tipo":"2","descuento_personal":"","descuento_monto":"0.00","descuento_motivo":"","comision_tarjeta":"0.00","comision_delivery":"0.00","codigo_operacion":"","total":"58.00","idProd":["22","51","96"],"cantProd":["1","1","1"],"precProd":["28.00","8.00","22.00"]}
|------HORA---------------|----------DETALLE-----
[2023-08-18 23:06:20] {"tipo_pedido":"1","tipo_entrega":"0","dividir_cuenta":"1","id_pedido":"4085","cliente_id":"1","tipo_doc":"1","tipo_pago":"1","pago_efe":"21.00","pago_tar":"0.00","descuento_tipo":"2","descuento_personal":"","descuento_monto":"0.00","descuento_motivo":"","comision_tarjeta":"0.00","comision_delivery":"0.00","codigo_operacion":"","total":"21.00","idProd":["51","52","56"],"cantProd":["1","1","1"],"precProd":["8.00","10.00","3.00"]}
|------HORA---------------|----------DETALLE-----
[2023-08-21 22:27:56] {"tipo_pedido":"1","tipo_entrega":"0","dividir_cuenta":"2","id_pedido":"4088","cliente_id":"1","tipo_doc":"1","tipo_pago":"1","pago_efe":"13.00","pago_tar":"0.00","descuento_tipo":"2","descuento_personal":"","descuento_monto":"0.00","descuento_motivo":"","comision_tarjeta":"0.00","comision_delivery":"0.00","codigo_operacion":"","total":"13","idProd":["52","56","89","93"],"cantProd":["1","1","0","0"],"precProd":["10.00","3.00","18.00","25.00"]}
[2023-08-21 17:27:56] ID_VENTA: "4260"
|------HORA---------------|----------DETALLE-----
[2023-08-21 22:30:26] {"tipo_pedido":"1","tipo_entrega":"0","dividir_cuenta":"1","id_pedido":"4088","cliente_id":"1","tipo_doc":"1","tipo_pago":"1","pago_efe":"43.00","pago_tar":"0.00","descuento_tipo":"2","descuento_personal":"","descuento_monto":"0.00","descuento_motivo":"","comision_tarjeta":"0.00","comision_delivery":"0.00","codigo_operacion":"","total":"43.00","idProd":["89","93"],"cantProd":["1","1"],"precProd":["18.00","25.00"]}
[2023-08-21 17:30:26] ID_VENTA: "4261"
|------HORA---------------|----------DETALLE-----
[2023-08-21 22:36:12] {"tipo_pedido":"1","tipo_entrega":"0","dividir_cuenta":"2","id_pedido":"4089","cliente_id":"1","tipo_doc":"1","tipo_pago":"1","pago_efe":"45.00","pago_tar":"0.00","descuento_tipo":"2","descuento_personal":"","descuento_monto":"0.00","descuento_motivo":"","comision_tarjeta":"0.00","comision_delivery":"0.00","codigo_operacion":"","total":"45","idProd":["1","3","93"],"cantProd":["1","0","0"],"precProd":["45.00","25.00","25.00"]}
|------HORA---------------|----------DETALLE-----
[2023-08-21 22:41:56] {"tipo_pedido":"1","tipo_entrega":"0","dividir_cuenta":"2","id_pedido":"4089","cliente_id":"1","tipo_doc":"1","tipo_pago":"1","pago_efe":"45.00","pago_tar":"0.00","descuento_tipo":"2","descuento_personal":"","descuento_monto":"0.00","descuento_motivo":"","comision_tarjeta":"0.00","comision_delivery":"0.00","codigo_operacion":"","total":"45","idProd":["1","3","93"],"cantProd":["1","0","0"],"precProd":["45.00","25.00","25.00"]}
|------HORA---------------|----------DETALLE-----
[2023-08-21 22:43:11] {"tipo_pedido":"1","tipo_entrega":"0","dividir_cuenta":"2","id_pedido":"4089","cliente_id":"1","tipo_doc":"1","tipo_pago":"1","pago_efe":"45.00","pago_tar":"0.00","descuento_tipo":"2","descuento_personal":"","descuento_monto":"0.00","descuento_motivo":"","comision_tarjeta":"0.00","comision_delivery":"0.00","codigo_operacion":"","total":"45","idProd":["1","3","93"],"cantProd":["1","0","0"],"precProd":["45.00","25.00","25.00"]}
|------HORA---------------|----------DETALLE-----
[2023-08-22 00:08:31] {"tipo_pedido":"1","tipo_entrega":"0","dividir_cuenta":"2","id_pedido":"4089","cliente_id":"1","tipo_doc":"1","tipo_pago":"1","pago_efe":"70.00","pago_tar":"0.00","descuento_tipo":"2","descuento_personal":"","descuento_monto":"0.00","descuento_motivo":"","comision_tarjeta":"0.00","comision_delivery":"0.00","codigo_operacion":"","total":"70","idProd":["1","3","93"],"cantProd":["1","1","0"],"precProd":["45.00","25.00","25.00"]}
[2023-08-21 19:08:31] ID_VENTA: "4265"
|------HORA---------------|----------DETALLE-----
[2023-08-31 22:03:31] {"tipo_pedido":"1","tipo_entrega":"0","dividir_cuenta":"1","id_pedido":"4095","cliente_id":"1","tipo_doc":"1","tipo_pago":"1","pago_efe":"75.00","pago_tar":"0.00","descuento_tipo":"2","descuento_personal":"","descuento_monto":"0.00","descuento_motivo":"","comision_tarjeta":"0.00","comision_delivery":"0.00","codigo_operacion":"","total":"75.00","idProd":["1","55","93"],"cantProd":["1","1","1"],"precProd":["45.00","5.00","25.00"]}
[2023-08-31 17:03:31] ID_VENTA: "4266"
|------HORA---------------|----------DETALLE-----
[2023-09-01 22:37:25] {"tipo_pedido":"1","tipo_entrega":"0","dividir_cuenta":"1","id_pedido":"4096","cliente_id":"1","tipo_doc":"1","tipo_pago":"1","pago_efe":"10.00","pago_tar":"0.00","descuento_tipo":"2","descuento_personal":"","descuento_monto":"0.00","descuento_motivo":"","comision_tarjeta":"0.00","comision_delivery":"0.00","codigo_operacion":"","total":"10.00","idProd":["113"],"cantProd":["1"],"precProd":["10.00"]}
[2023-09-01 17:37:25] ID_VENTA: "4267"
|------HORA---------------|----------DETALLE-----
[2023-09-02 04:37:16] {"tipo_pedido":"1","tipo_entrega":"0","dividir_cuenta":"1","id_pedido":"4097","cliente_id":"1","tipo_doc":"1","tipo_pago":"1","pago_efe":"5.00","pago_tar":"0.00","descuento_tipo":"2","descuento_personal":"","descuento_monto":"0.00","descuento_motivo":"","comision_tarjeta":"0.00","comision_delivery":"0.00","codigo_operacion":"","total":"5.00","idProd":["70"],"cantProd":["1"],"precProd":["5.00"]}
[2023-09-01 23:37:16] ID_VENTA: "4268"
|------HORA---------------|----------DETALLE-----
[2023-09-02 17:52:40] {"tipo_pedido":"1","tipo_entrega":"0","dividir_cuenta":"1","id_pedido":"4099","cliente_id":"1","tipo_doc":"1","tipo_pago":"1","pago_efe":"15.00","pago_tar":"0.00","descuento_tipo":"2","descuento_personal":"","descuento_monto":"0.00","descuento_motivo":"","comision_tarjeta":"0.00","comision_delivery":"0.00","codigo_operacion":"","total":"15.00","idProd":["70"],"cantProd":["3"],"precProd":["5.00"]}
[2023-09-02 12:52:40] ID_VENTA: "4269"
|------HORA---------------|----------DETALLE-----
[2023-09-02 18:32:58] {"tipo_pedido":"1","tipo_entrega":"0","dividir_cuenta":"1","id_pedido":"4100","cliente_id":"1","tipo_doc":"1","tipo_pago":"1","pago_efe":"515.00","pago_tar":"0.00","descuento_tipo":"2","descuento_personal":"","descuento_monto":"0.00","descuento_motivo":"","comision_tarjeta":"0.00","comision_delivery":"0.00","codigo_operacion":"","total":"515.00","idProd":["70"],"cantProd":["103"],"precProd":["5.00"]}
[2023-09-02 13:32:58] ID_VENTA: "4270"
|------HORA---------------|----------DETALLE-----
[2023-09-02 20:24:30] {"tipo_pedido":"1","tipo_entrega":"0","dividir_cuenta":"1","id_pedido":"4101","cliente_id":"1","tipo_doc":"1","tipo_pago":"1","pago_efe":"5.00","pago_tar":"0.00","descuento_tipo":"2","descuento_personal":"","descuento_monto":"0.00","descuento_motivo":"","comision_tarjeta":"0.00","comision_delivery":"0.00","codigo_operacion":"","total":"5.00","idProd":["70"],"cantProd":["1"],"precProd":["5.00"]}
[2023-09-02 15:24:30] ID_VENTA: "4271"
|------HORA---------------|----------DETALLE-----
[2023-09-02 20:35:10] {"tipo_pedido":"1","tipo_entrega":"0","dividir_cuenta":"1","id_pedido":"4102","cliente_id":"1","tipo_doc":"1","tipo_pago":"1","pago_efe":"15.00","pago_tar":"0.00","descuento_tipo":"2","descuento_personal":"","descuento_monto":"0.00","descuento_motivo":"","comision_tarjeta":"0.00","comision_delivery":"0.00","codigo_operacion":"","total":"15.00","idProd":["55"],"cantProd":["3"],"precProd":["5.00"]}
[2023-09-02 15:35:10] ID_VENTA: "4272"
|------HORA---------------|----------DETALLE-----
[2023-09-02 20:36:25] {"tipo_pedido":"1","tipo_entrega":"0","dividir_cuenta":"1","id_pedido":"4103","cliente_id":"1","tipo_doc":"1","tipo_pago":"1","pago_efe":"15.00","pago_tar":"0.00","descuento_tipo":"2","descuento_personal":"","descuento_monto":"0.00","descuento_motivo":"","comision_tarjeta":"0.00","comision_delivery":"0.00","codigo_operacion":"","total":"15.00","idProd":["55"],"cantProd":["3"],"precProd":["5.00"]}
[2023-09-02 15:36:25] ID_VENTA: "4273"
|------HORA---------------|----------DETALLE-----
[2023-09-15 00:16:38] {"tipo_pedido":"1","tipo_entrega":"0","dividir_cuenta":"1","id_pedido":"4104","cliente_id":"1","tipo_doc":"1","tipo_pago":"5","pago_efe":"0.00","pago_tar":"0.00","descuento_tipo":"2","descuento_personal":"","descuento_monto":"0.00","descuento_motivo":"","comision_tarjeta":"0.00","comision_delivery":"0.00","codigo_operacion":"454545","total":"8.00","idProd":["51"],"cantProd":["1"],"precProd":["8.00"]}
[2023-09-14 19:16:39] ID_VENTA: "4274"
|------HORA---------------|----------DETALLE-----
[2023-09-15 00:17:39] {"tipo_pedido":"1","tipo_entrega":"0","dividir_cuenta":"1","id_pedido":"4105","cliente_id":"1","tipo_doc":"1","tipo_pago":"5","pago_efe":"0.00","pago_tar":"0.00","descuento_tipo":"2","descuento_personal":"","descuento_monto":"0.00","descuento_motivo":"","comision_tarjeta":"0.00","comision_delivery":"0.00","codigo_operacion":"123456","total":"8.00","idProd":["51"],"cantProd":["1"],"precProd":["8.00"]}
[2023-09-14 19:17:39] ID_VENTA: "4275"
|------HORA---------------|----------DETALLE-----
[2023-09-17 04:04:12] {"tipo_pedido":"1","tipo_entrega":"0","dividir_cuenta":"1","id_pedido":"4106","cliente_id":"1","tipo_doc":"1","tipo_pago":"1","pago_efe":"431.00","pago_tar":"0.00","descuento_tipo":"2","descuento_personal":"","descuento_monto":"0.00","descuento_motivo":"","comision_tarjeta":"0.00","comision_delivery":"0.00","codigo_operacion":"","total":"431.00","idProd":["55","127"],"cantProd":["64","37"],"precProd":["5.00","3.00"]}
[2023-09-16 23:04:12] ID_VENTA: "4276"
|------HORA---------------|----------DETALLE-----
[2023-09-20 19:37:13] {"tipo_pedido":"1","tipo_entrega":"0","dividir_cuenta":"1","id_pedido":"4107","cliente_id":"1","tipo_doc":"1","tipo_pago":"1","pago_efe":"341.00","pago_tar":"0.00","descuento_tipo":"2","descuento_personal":"","descuento_monto":"0.00","descuento_motivo":"","comision_tarjeta":"0.00","comision_delivery":"0.00","codigo_operacion":"","total":"341.00","idProd":["51","56"],"cantProd":["25","47"],"precProd":["8.00","3.00"]}
[2023-09-20 14:37:13] ID_VENTA: "4277"
|------HORA---------------|----------DETALLE-----
[2023-09-20 22:57:05] {"tipo_pedido":"1","tipo_entrega":"0","dividir_cuenta":"2","id_pedido":"4108","cliente_id":"1","tipo_doc":"1","tipo_pago":"1","pago_efe":"10.00","pago_tar":"0.00","descuento_tipo":"2","descuento_personal":"","descuento_monto":"0.00","descuento_motivo":"","comision_tarjeta":"0.00","comision_delivery":"0.00","codigo_operacion":"","total":"10","idProd":["52","55","56"],"cantProd":["1","0","0"],"precProd":["10.00","5.00","3.00"]}
[2023-09-20 17:57:05] ID_VENTA: "4278"
|------HORA---------------|----------DETALLE-----
[2023-09-20 22:57:40] {"tipo_pedido":"1","tipo_entrega":"0","dividir_cuenta":"2","id_pedido":"4108","cliente_id":"1","tipo_doc":"1","tipo_pago":"1","pago_efe":"10.00","pago_tar":"0.00","descuento_tipo":"2","descuento_personal":"","descuento_monto":"0.00","descuento_motivo":"","comision_tarjeta":"0.00","comision_delivery":"0.00","codigo_operacion":"","total":"10","idProd":["52","55","56"],"cantProd":["1","0","0"],"precProd":["10.00","5.00","3.00"]}
[2023-09-20 17:57:40] ID_VENTA: "4279"
|------HORA---------------|----------DETALLE-----
[2023-09-20 22:58:14] {"tipo_pedido":"1","tipo_entrega":"0","dividir_cuenta":"2","id_pedido":"4108","cliente_id":"1","tipo_doc":"1","tipo_pago":"1","pago_efe":"20.00","pago_tar":"0.00","descuento_tipo":"2","descuento_personal":"","descuento_monto":"0.00","descuento_motivo":"","comision_tarjeta":"0.00","comision_delivery":"0.00","codigo_operacion":"","total":"20","idProd":["52","55","56"],"cantProd":["2","0","0"],"precProd":["10.00","5.00","3.00"]}
[2023-09-20 17:58:14] ID_VENTA: "4280"
|------HORA---------------|----------DETALLE-----
[2023-09-20 22:58:30] {"tipo_pedido":"1","tipo_entrega":"0","dividir_cuenta":"2","id_pedido":"4108","cliente_id":"1","tipo_doc":"1","tipo_pago":"1","pago_efe":"10.00","pago_tar":"0.00","descuento_tipo":"2","descuento_personal":"","descuento_monto":"0.00","descuento_motivo":"","comision_tarjeta":"0.00","comision_delivery":"0.00","codigo_operacion":"","total":"10","idProd":["55","56"],"cantProd":["2","0"],"precProd":["5.00","3.00"]}
[2023-09-20 17:58:30] ID_VENTA: "4281"
|------HORA---------------|----------DETALLE-----
[2023-09-20 22:58:45] {"tipo_pedido":"1","tipo_entrega":"0","dividir_cuenta":"1","id_pedido":"4108","cliente_id":"1","tipo_doc":"1","tipo_pago":"1","pago_efe":"6.00","pago_tar":"0.00","descuento_tipo":"2","descuento_personal":"","descuento_monto":"0.00","descuento_motivo":"","comision_tarjeta":"0.00","comision_delivery":"0.00","codigo_operacion":"","total":"6.00","idProd":["56"],"cantProd":["2"],"precProd":["3.00"]}
[2023-09-20 17:58:45] ID_VENTA: "4282"
|------HORA---------------|----------DETALLE-----
[2023-09-21 03:46:47] {"tipo_pedido":"1","tipo_entrega":"0","dividir_cuenta":"2","id_pedido":"4110","cliente_id":"1","tipo_doc":"1","tipo_pago":"1","pago_efe":"22.00","pago_tar":"0.00","descuento_tipo":"2","descuento_personal":"","descuento_monto":"0.00","descuento_motivo":"","comision_tarjeta":"0.00","comision_delivery":"0.00","codigo_operacion":"","total":"22","idProd":["40","52","55","56"],"cantProd":["1","1","0","0"],"precProd":["12.00","10.00","5.00","3.00"]}
[2023-09-20 22:46:47] ID_VENTA: "4283"
|------HORA---------------|----------DETALLE-----
[2023-09-21 18:54:27] {"tipo_pedido":"1","tipo_entrega":"0","dividir_cuenta":"2","id_pedido":"4111","cliente_id":"1","tipo_doc":"1","tipo_pago":"1","pago_efe":"16.00","pago_tar":"0.00","descuento_tipo":"2","descuento_personal":"","descuento_monto":"0.00","descuento_motivo":"","comision_tarjeta":"0.00","comision_delivery":"0.00","codigo_operacion":"","total":"16","idProd":["51","52","56"],"cantProd":["2","0","0"],"precProd":["8.00","10.00","3.00"]}
[2023-09-21 13:54:27] ID_VENTA: "4284"
|------HORA---------------|----------DETALLE-----
[2023-09-21 20:40:52] {"tipo_pedido":"1","tipo_entrega":"0","dividir_cuenta":"1","id_pedido":"4111","cliente_id":"1","tipo_doc":"1","tipo_pago":"1","pago_efe":"29.00","pago_tar":"0.00","descuento_tipo":"2","descuento_personal":"","descuento_monto":"0.00","descuento_motivo":"","comision_tarjeta":"0.00","comision_delivery":"0.00","codigo_operacion":"","total":"29.00","idProd":["51","52","56"],"cantProd":["2","1","1"],"precProd":["8.00","10.00","3.00"]}
[2023-09-21 15:40:52] ID_VENTA: "4285"
|------HORA---------------|----------DETALLE-----
[2023-09-21 20:41:53] {"tipo_pedido":"1","tipo_entrega":"0","dividir_cuenta":"2","id_pedido":"4112","cliente_id":"1","tipo_doc":"1","tipo_pago":"1","pago_efe":"50.00","pago_tar":"0.00","descuento_tipo":"2","descuento_personal":"","descuento_monto":"0.00","descuento_motivo":"","comision_tarjeta":"0.00","comision_delivery":"0.00","codigo_operacion":"","total":"50","idProd":["52","56"],"cantProd":["5","0"],"precProd":["10.00","3.00"]}
[2023-09-21 15:41:53] ID_VENTA: "4286"
|------HORA---------------|----------DETALLE-----
[2023-09-22 22:33:25] {"tipo_pedido":"1","tipo_entrega":"0","dividir_cuenta":"1","id_pedido":"4113","cliente_id":"1","tipo_doc":"1","tipo_pago":"1","pago_efe":"3.00","pago_tar":"0.00","descuento_tipo":"2","descuento_personal":"","descuento_monto":"0.00","descuento_motivo":"","comision_tarjeta":"0.00","comision_delivery":"0.00","codigo_operacion":"","total":"3.00","idProd":["56"],"cantProd":["1"],"precProd":["3.00"]}
[2023-09-22 17:33:25] ID_VENTA: "4287"
|------HORA---------------|----------DETALLE-----
[2023-09-22 22:56:32] {"tipo_pedido":"1","tipo_entrega":"0","dividir_cuenta":"2","id_pedido":"4124","cliente_id":"1","tipo_doc":"1","tipo_pago":"1","pago_efe":"24.00","pago_tar":"0.00","descuento_tipo":"2","descuento_personal":"","descuento_monto":"0.00","descuento_motivo":"","comision_tarjeta":"0.00","comision_delivery":"0.00","codigo_operacion":"","total":"24","idProd":["51","56"],"cantProd":["3","0"],"precProd":["8.00","3.00"]}
[2023-09-22 17:56:32] ID_VENTA: "4288"
|------HORA---------------|----------DETALLE-----
[2023-09-22 22:57:46] {"tipo_pedido":"1","tipo_entrega":"0","dividir_cuenta":"1","id_pedido":"4124","cliente_id":"1","tipo_doc":"1","tipo_pago":"1","pago_efe":"9.00","pago_tar":"0.00","descuento_tipo":"2","descuento_personal":"","descuento_monto":"0.00","descuento_motivo":"","comision_tarjeta":"0.00","comision_delivery":"0.00","codigo_operacion":"","total":"9.00","idProd":["56"],"cantProd":["3"],"precProd":["3.00"]}
[2023-09-22 17:57:46] ID_VENTA: "4289"
|------HORA---------------|----------DETALLE-----
[2023-09-22 22:59:27] {"tipo_pedido":"1","tipo_entrega":"0","dividir_cuenta":"2","id_pedido":"4125","cliente_id":"1","tipo_doc":"1","tipo_pago":"1","pago_efe":"24.00","pago_tar":"0.00","descuento_tipo":"2","descuento_personal":"","descuento_monto":"0.00","descuento_motivo":"","comision_tarjeta":"0.00","comision_delivery":"0.00","codigo_operacion":"","total":"24","idProd":["51","56"],"cantProd":["3","0"],"precProd":["8.00","3.00"]}
[2023-09-22 17:59:27] ID_VENTA: "4290"
|------HORA---------------|----------DETALLE-----
[2023-09-22 23:00:57] {"tipo_pedido":"1","tipo_entrega":"0","dividir_cuenta":"2","id_pedido":"4125","cliente_id":"1","tipo_doc":"1","tipo_pago":"1","pago_efe":"16.00","pago_tar":"0.00","descuento_tipo":"2","descuento_personal":"","descuento_monto":"0.00","descuento_motivo":"","comision_tarjeta":"0.00","comision_delivery":"0.00","codigo_operacion":"","total":"16","idProd":["51","56"],"cantProd":["2","0"],"precProd":["8.00","3.00"]}
[2023-09-22 18:00:57] ID_VENTA: "4291"
|------HORA---------------|----------DETALLE-----
[2023-09-22 23:02:05] {"tipo_pedido":"1","tipo_entrega":"0","dividir_cuenta":"2","id_pedido":"4125","cliente_id":"1","tipo_doc":"1","tipo_pago":"1","pago_efe":"9.00","pago_tar":"0.00","descuento_tipo":"2","descuento_personal":"","descuento_monto":"0.00","descuento_motivo":"","comision_tarjeta":"0.00","comision_delivery":"0.00","codigo_operacion":"","total":"9","idProd":["56"],"cantProd":["3"],"precProd":["3.00"]}
[2023-09-22 18:02:05] ID_VENTA: "4292"
|------HORA---------------|----------DETALLE-----
[2023-09-22 23:05:08] {"tipo_pedido":"1","tipo_entrega":"0","dividir_cuenta":"2","id_pedido":"4126","cliente_id":"1","tipo_doc":"1","tipo_pago":"1","pago_efe":"30.00","pago_tar":"0.00","descuento_tipo":"2","descuento_personal":"","descuento_monto":"0.00","descuento_motivo":"","comision_tarjeta":"0.00","comision_delivery":"0.00","codigo_operacion":"","total":"30","idProd":["52","56"],"cantProd":["3","0"],"precProd":["10.00","3.00"]}
[2023-09-22 18:05:08] ID_VENTA: "4293"
|------HORA---------------|----------DETALLE-----
[2023-09-22 23:05:57] {"tipo_pedido":"1","tipo_entrega":"0","dividir_cuenta":"1","id_pedido":"4126","cliente_id":"1","tipo_doc":"1","tipo_pago":"1","pago_efe":"9.00","pago_tar":"0.00","descuento_tipo":"2","descuento_personal":"","descuento_monto":"0.00","descuento_motivo":"","comision_tarjeta":"0.00","comision_delivery":"0.00","codigo_operacion":"","total":"9.00","idProd":["56"],"cantProd":["3"],"precProd":["3.00"]}
[2023-09-22 18:05:57] ID_VENTA: "4294"
|------HORA---------------|----------DETALLE-----
[2023-09-22 23:51:13] {"tipo_pedido":"1","tipo_entrega":"0","dividir_cuenta":"1","id_pedido":"4129","cliente_id":"1","tipo_doc":"1","tipo_pago":"1","pago_efe":"300.00","pago_tar":"0.00","descuento_tipo":"2","descuento_personal":"","descuento_monto":"0.00","descuento_motivo":"","comision_tarjeta":"0.00","comision_delivery":"0.00","codigo_operacion":"","total":"300.00","idProd":["70"],"cantProd":["60"],"precProd":["5.00"]}
[2023-09-22 18:51:13] ID_VENTA: "4295"
|------HORA---------------|----------DETALLE-----
[2023-09-22 23:51:55] {"tipo_pedido":"1","tipo_entrega":"0","dividir_cuenta":"1","id_pedido":"4130","cliente_id":"1","tipo_doc":"1","tipo_pago":"1","pago_efe":"40.00","pago_tar":"0.00","descuento_tipo":"2","descuento_personal":"","descuento_monto":"0.00","descuento_motivo":"","comision_tarjeta":"0.00","comision_delivery":"0.00","codigo_operacion":"","total":"40.00","idProd":["55"],"cantProd":["8"],"precProd":["5.00"]}
[2023-09-22 18:51:55] ID_VENTA: "4296"
|------HORA---------------|----------DETALLE-----
[2023-09-12 04:28:29] {"tipo_pedido":"1","tipo_entrega":"0","dividir_cuenta":"2","id_pedido":"4132","cliente_id":"1","tipo_doc":"1","tipo_pago":"1","pago_efe":"25.00","pago_tar":"0.00","descuento_tipo":"2","descuento_personal":"","descuento_monto":"0.00","descuento_motivo":"","comision_tarjeta":"0.00","comision_delivery":"0.00","codigo_operacion":"","total":"25","idProd":["55"],"cantProd":["5"],"precProd":["5.00"]}
[2023-09-11 23:28:29] ID_VENTA: "4297"
|------HORA---------------|----------DETALLE-----
[2023-09-12 04:28:50] {"tipo_pedido":"1","tipo_entrega":"0","dividir_cuenta":"1","id_pedido":"4132","cliente_id":"1","tipo_doc":"1","tipo_pago":"1","pago_efe":"25.00","pago_tar":"0.00","descuento_tipo":"2","descuento_personal":"","descuento_monto":"0.00","descuento_motivo":"","comision_tarjeta":"0.00","comision_delivery":"0.00","codigo_operacion":"","total":"25.00","idProd":["55"],"cantProd":["5"],"precProd":["5.00"]}
[2023-09-11 23:28:51] ID_VENTA: "4298"
|------HORA---------------|----------DETALLE-----
[2023-09-25 00:08:18] {"tipo_pedido":"1","tipo_entrega":"0","dividir_cuenta":"1","id_pedido":"4133","cliente_id":"1","tipo_doc":"1","tipo_pago":"1","pago_efe":"20.00","pago_tar":"0.00","descuento_tipo":"2","descuento_personal":"","descuento_monto":"0.00","descuento_motivo":"","comision_tarjeta":"0.00","comision_delivery":"0.00","codigo_operacion":"","total":"20.00","idProd":["51","56"],"cantProd":["1","4"],"precProd":["8.00","3.00"]}
[2023-09-24 19:08:18] ID_VENTA: "4299"
